<?xml version="1.0" encoding="UTF-8"?>
<testsuite xmlns:xsi="http://www.w3.org/2001/XMLSchema-instance" xsi:noNamespaceSchemaLocation="https://maven.apache.org/surefire/maven-surefire-plugin/xsd/surefire-test-report.xsd" version="3.0.2" name="br.com.amoreco.web.SecurityTest" time="19.683" tests="2" errors="0" skipped="0" failures="0">
  <properties>
[...]
</properties>
  <testcase name="testarCabecalhosDeSeguranca" classname="br.com.amoreco.web.SecurityTest" time="4.05"/>
  <testcase name="testarInjecaoXSSNoFormulario" classname="br.com.amoreco.web.SecurityTest" time="13.333"/>
</testsuite>